lvcasc don't exist and try to log in Thu Jun 13 21:50:21 2019

lvda login success Thu Jun 13 21:50:27 2019

lvda ls  Thu Jun 13 21:50:31 2019

lvda cd .. Thu Jun 13 21:50:34 2019

lvda pwd .. Thu Jun 13 21:50:34 2019

lvda pwd  Thu Jun 13 21:50:36 2019

lvda ls  Thu Jun 13 21:50:49 2019

lvda cd / Thu Jun 13 21:50:57 2019

lvda pwd / Thu Jun 13 21:50:57 2019

lvda ls  Thu Jun 13 21:50:59 2019

lvda login success Fri Jun 14 11:44:35 2019

lvda ls  Fri Jun 14 11:44:37 2019

lvda gets file Fri Jun 14 11:44:49 2019

lvda login success Fri Jun 14 11:45:23 2019

lvda ls  Fri Jun 14 11:45:30 2019

lvda gets file 30474161 Fri Jun 14 11:45:36 2019

lvda login success Fri Jun 14 11:46:59 2019

lvda ls  Fri Jun 14 11:47:01 2019

lvda gets file 30474161 Fri Jun 14 11:47:09 2019

lvda login success Fri Jun 14 11:53:54 2019

lvda ls  Fri Jun 14 11:53:57 2019

lvda gets file 30474161 Fri Jun 14 11:54:05 2019

lvbu login success Fri Jun 14 14:58:46 2019

lvbu ls  Fri Jun 14 14:58:47 2019

lvbu gets file 30474161 Fri Jun 14 14:58:53 2019

lvda login success Fri Jun 14 15:16:49 2019

lvda ls  Fri Jun 14 15:16:52 2019

lvda gets file 30474161 Fri Jun 14 15:16:57 2019

lvda login success Fri Jun 14 15:26:37 2019

lvda ls  Fri Jun 14 15:26:40 2019

lvda gets file Fri Jun 14 15:26:45 2019

lvda login success Fri Jun 14 15:28:23 2019

lvda gets file Fri Jun 14 15:28:29 2019

lvda login success Fri Jun 14 15:35:53 2019

lvda gets file Fri Jun 14 15:35:59 2019

lvda login success Fri Jun 14 15:43:20 2019

lvda gets file 0 Fri Jun 14 15:43:25 2019

lvda gets file 419430400 Fri Jun 14 15:44:07 2019

lvda login success Fri Jun 14 15:50:20 2019

lvda gets file 0 Fri Jun 14 15:50:26 2019

lvda gets file 419430400 Fri Jun 14 15:50:36 2019

lvda login success Fri Jun 14 15:52:04 2019

lvda gets file 0 Fri Jun 14 15:52:11 2019

lvda login success Fri Jun 14 15:52:29 2019

lvda gets file 52531200 Fri Jun 14 15:52:32 2019

lvda gets file 0 Fri Jun 14 15:52:35 2019

lvda login success Fri Jun 14 16:03:31 2019

lvda gets file 838860800 Fri Jun 14 16:03:37 2019

lvda login success Fri Jun 14 16:04:19 2019

lvda gets file 0 Fri Jun 14 16:04:24 2019

lvda login success Fri Jun 14 16:04:41 2019

lvda gets file 66327300 Fri Jun 14 16:04:52 2019

lvda login success Fri Jun 14 16:38:14 2019

lvda gets file 419430400 Fri Jun 14 16:38:20 2019

lvda ls  Fri Jun 14 16:38:27 2019

lvda cd .. Fri Jun 14 16:38:32 2019

lvda pwd .. Fri Jun 14 16:38:32 2019

lvda pwd  Fri Jun 14 16:38:38 2019

lvda cd server_2.0 Fri Jun 14 16:39:03 2019

lvda pwd server_2.0 Fri Jun 14 16:39:03 2019

lvda pwd  Fri Jun 14 16:39:15 2019

lvda ls  Fri Jun 14 16:39:23 2019

lvda cd src Fri Jun 14 16:40:07 2019

lvda pwd src Fri Jun 14 16:40:07 2019

lvbu login success Fri Jun 14 17:16:45 2019

lvbu gets file 0 Fri Jun 14 17:16:53 2019

lvda login success Fri Jun 14 17:21:25 2019

lvda gets file 0 Fri Jun 14 17:21:31 2019

lvda login success Fri Jun 14 17:23:47 2019

lvda ls  Fri Jun 14 17:23:56 2019

lvda gets file 0 Fri Jun 14 17:24:00 2019

lvda login success Fri Jun 14 17:30:44 2019

lvda gets file 0 Fri Jun 14 17:30:48 2019

lvda login success Fri Jun 14 17:39:42 2019

lvda gets file 0 Fri Jun 14 17:39:46 2019

lvda login success Fri Jun 14 17:40:42 2019

lvda gets file 0 Fri Jun 14 17:40:50 2019

lvda login success Fri Jun 14 17:44:44 2019

lvda gets file 0 Fri Jun 14 17:44:49 2019

lvbu login success Fri Jun 14 17:47:54 2019

lvbu gets file 0 Fri Jun 14 17:47:58 2019

lvda login success Fri Jun 14 19:18:47 2019

lvda gets file 0 Fri Jun 14 19:19:05 2019

lvda login success Fri Jun 14 19:55:29 2019

lvda ls  Fri Jun 14 19:55:31 2019

lvda gets file 0 Fri Jun 14 19:55:38 2019

lvda login success Fri Jun 14 19:58:02 2019

lvda gets file 0 Fri Jun 14 19:58:13 2019

lvda login success Fri Jun 14 20:00:02 2019

lvda gets file 0 Fri Jun 14 20:00:06 2019

lvbu login success Fri Jun 14 20:01:42 2019

lvbu gets file 0 Fri Jun 14 20:01:47 2019

lvbu gets file 419430400 Fri Jun 14 20:01:56 2019

lvbu login success Fri Jun 14 20:02:10 2019

lvbu gets file 0 Fri Jun 14 20:02:15 2019

lvbu login success Fri Jun 14 20:02:27 2019

lvbu gets file 105700187 Fri Jun 14 20:02:34 2019

lvbu login success Fri Jun 14 20:03:03 2019

lvbu gets file 0 Fri Jun 14 20:03:09 2019

lvbu login success Fri Jun 14 20:03:28 2019

lvbu gets file 160490244 Fri Jun 14 20:03:33 2019

lvbu login success Fri Jun 14 20:39:03 2019

lvbu gets file 0 Fri Jun 14 20:39:09 2019

lvbu login success Fri Jun 14 20:41:37 2019

lvbu gets file 0 Fri Jun 14 20:41:40 2019

lvbu login success Fri Jun 14 20:44:39 2019

lvbu gets file 0 Fri Jun 14 20:44:43 2019

lvbu login success Fri Jun 14 20:45:12 2019

lvbu gets file 0 Fri Jun 14 20:45:15 2019

lvbu ls  Fri Jun 14 20:45:20 2019

lvbu cd .. Fri Jun 14 20:45:23 2019

lvbu pwd .. Fri Jun 14 20:45:23 2019

lvbu ls  Fri Jun 14 20:45:25 2019

